<?xml version="1.0" encoding="UTF-8"?>
<!-- Generated by org.testng.reporters.JUnitXMLReporter -->
<testsuite ignored="0" hostname="Ahnaf-The-Great" failures="0" tests="8" name="Default test" time="190.237" errors="0" timestamp="2024-10-15T23:04:55 BDT">
  <testcase classname="simplelogin.simpletesting" name="loginwithemptyusernameandemptypassword" time="9.718"/>
  <testcase classname="simplelogin.simpletesting" name="loginwithemptyusernameandinvalidpassword" time="9.86"/>
  <testcase classname="simplelogin.simpletesting" name="loginwithemptyusernameandvalidpassword" time="9.64"/>
  <testcase classname="simplelogin.simpletesting" name="loginwithevalidusernameandinvalidpassword" time="9.953"/>
  <testcase classname="simplelogin.simpletesting" name="loginwithinvalidusernameandinvalidpassword" time="9.781"/>
  <testcase classname="simplelogin.simpletesting" name="loginwithinvalidusernameandvalidpassword" time="9.92"/>
  <testcase classname="simplelogin.simpletesting" name="loginwithvalidusernameandemptypassword" time="9.823"/>
  <testcase classname="simplelogin.simpletesting" name="loginwithvalidusernameandvalidpassword" time="9.75"/>
</testsuite> <!-- Default test -->
